<?xml version="1.0" encoding="UTF-8"?>
<testng-results skipped="0" failed="0" total="1" passed="1">
  <reporter-output>
  </reporter-output>
  <suite name="TestSuite" duration-ms="30161" started-at="2015-01-19T11:38:37Z" finished-at="2015-01-19T11:39:08Z">
    <groups>
    </groups>
    <test name="Test FF" duration-ms="30161" started-at="2015-01-19T11:38:37Z" finished-at="2015-01-19T11:39:08Z">
      <class name="com.jdpa.services.Controller">
        <test-method status="PASS" signature="init()[pri:0, instance:com.jdpa.services.Controller@695b2fd8]" name="init" is-config="true" duration-ms="24935" started-at="2015-01-19T17:08:37Z" finished-at="2015-01-19T17:09:02Z">
          <reporter-output>
          </reporter-output>
        </test-method> <!-- init -->
        <test-method status="PASS" signature="firstTest()[pri:0, instance:com.jdpa.services.Controller@695b2fd8]" name="firstTest" duration-ms="5214" started-at="2015-01-19T17:09:02Z" finished-at="2015-01-19T17:09:08Z">
          <reporter-output>
          </reporter-output>
        </test-method> <!-- firstTest -->
      </class> <!-- com.jdpa.services.Controller -->
    </test> <!-- Test FF -->
  </suite> <!-- TestSuite -->
</testng-results>
