<?xml version="1.0" encoding="UTF-8"?>
<!-- Generated by org.testng.reporters.JUnitXMLReporter -->
<testsuite hostname="ATMECSINDT-047" name="Test CH" tests="2" failures="1" timestamp="13 Jan 2015 09:22:02 GMT" time="93.325" errors="0">
  <testcase name="init" time="44.779" classname="com.jdpa.services.Entry"/>
  <testcase name="firstTest" time="45.415" classname="com.jdpa.services.Entry">
    <failure type="java.lang.NullPointerException">
      <![CDATA[java.lang.NullPointerException
	at com.jdpa.services.Validator.validateUI(Validator.java:18)
	at com.jdpa.services.Entry.testRunninghelper(Entry.java:98)
	at com.jdpa.services.Entry.firstTest(Entry.java:86)
	at java.util.concurrent.FutureTask.run(FutureTask.java:262)
	at java.util.concurrent.ThreadPoolExecutor.runWorker(ThreadPoolExecutor.java:1145)
	at java.util.concurrent.ThreadPoolExecutor$Worker.run(ThreadPoolExecutor.java:615)
	at java.lang.Thread.run(Thread.java:745)
... Removed 16 stack frames]]>
    </failure>
  </testcase> <!-- firstTest -->
</testsuite> <!-- Test CH -->
